<?xml version="1.0" encoding="UTF-8"?>
<!-- Generated by org.testng.reporters.JUnitReportReporter -->
<testsuite hostname="mayuri" failures="0" tests="4" name="First_PKJ.Depandancy" time="0.020" errors="0" timestamp="2021-10-05T23:01:01 IST" skipped="0">
  <testcase classname="First_PKJ.Depandancy" name="delete" time="0.002"/>
  <system-out/>
  <testcase classname="First_PKJ.Depandancy" name="insert" time="0.014"/>
  <system-out/>
  <testcase classname="First_PKJ.Depandancy" name="update" time="0.002"/>
  <system-out/>
  <testcase classname="First_PKJ.Depandancy" name="select" time="0.002"/>
  <system-out/>
</testsuite> <!-- First_PKJ.Depandancy -->
