<?xml version="1.0" encoding="UTF-8"?>
<!-- Generated by org.testng.reporters.JUnitReportReporter -->
<testsuite hostname="mayuri" failures="0" tests="2" name="First_PKJ.AfterBeforeMethod" time="0.020" errors="0" timestamp="2021-10-05T12:55:23 IST" skipped="0">
  <testcase classname="First_PKJ.AfterBeforeMethod" name="Delete_cust" time="0.015"/>
  <system-out/>
  <testcase classname="First_PKJ.AfterBeforeMethod" name="add_cust" time="0.005"/>
  <system-out/>
</testsuite> <!-- First_PKJ.AfterBeforeMethod -->
