<?xml version="1.0" encoding="UTF-8"?>
<!-- Generated by org.testng.reporters.JUnitReportReporter -->
<testsuite hostname="mayuri" failures="0" tests="2" name="First_PKJ.AfterBeforeClass" time="0.024" errors="0" timestamp="2021-10-05T14:46:59 IST" skipped="0">
  <testcase classname="First_PKJ.AfterBeforeClass" name="Delete_cust" time="0.019"/>
  <system-out/>
  <testcase classname="First_PKJ.AfterBeforeClass" name="add_cust" time="0.005"/>
  <system-out/>
</testsuite> <!-- First_PKJ.AfterBeforeClass -->
