<?xml version="1.0" encoding="UTF-8"?>
<!-- Generated by org.testng.reporters.JUnitReportReporter -->
<testsuite hostname="mayuri" failures="0" tests="1" name="First_PKJ.TestNG" time="0.017" errors="0" timestamp="2021-10-05T12:31:14 IST" skipped="0">
  <testcase classname="First_PKJ.TestNG" name="add_check" time="0.017"/>
  <system-out/>
</testsuite> <!-- First_PKJ.TestNG -->
