<?xml version="1.0" encoding="UTF-8"?>
<!-- Generated by org.testng.reporters.JUnitReportReporter -->
<testsuite hostname="mayuri" failures="0" tests="1" name="Second_pkg.Scond_case" time="0.014" errors="0" timestamp="2021-10-05T12:38:54 IST" skipped="0">
  <testcase classname="Second_pkg.Scond_case" name="secong" time="0.014"/>
  <system-out/>
</testsuite> <!-- Second_pkg.Scond_case -->
