<?xml version="1.0" encoding="UTF-8"?>
<!-- Generated by org.testng.reporters.JUnitReportReporter -->
<testsuite hostname="mayuri" failures="0" tests="2" name="First_PKJ.Annotation" time="0.021" errors="0" timestamp="2021-10-05T16:22:53 IST" skipped="0">
  <testcase classname="First_PKJ.Annotation" name="test1" time="0.012"/>
  <system-out/>
  <testcase classname="First_PKJ.Annotation" name="test2" time="0.009"/>
  <system-out/>
</testsuite> <!-- First_PKJ.Annotation -->
